build/app/intermediates/manifest_merge_blame_file/debug/manifest-merger-blame-debug-report.txt
1<?xml version="1.0" encoding="utf-8"?>
2<manifest xmlns:android="http://schemas.android.com/apk/res/android"
3    package="com.example.ok_edus_kz"
4    android:versionCode="1"
5    android:versionName="1.0.0" >
6
7    <uses-sdk
8        android:minSdkVersion="19"
9        android:targetSdkVersion="33" />
10    <!--
11         The INTERNET permission is required for development. Specifically,
12         the Flutter tool needs it to communicate with the running application
13         to allow setting breakpoints, to provide hot reload, etc.
14    -->
15    <uses-permission android:name="android.permission.INTERNET" />
15-->src\main\AndroidManifest.xml:2:5-66
15-->src\main\AndroidManifest.xml:2:22-64
16    <uses-permission android:name="android.permission.WAKE_LOCK" />
16-->[:firebase_messaging] AndroidManifest.xml:10:5-68
16-->[:firebase_messaging] AndroidManifest.xml:10:22-65
17    <uses-permission android:name="android.permission.ACCESS_NETWORK_STATE" /> <!-- Permissions options for the `notification` group -->
17-->[:firebase_messaging] AndroidManifest.xml:11:5-79
17-->[:firebase_messaging] AndroidManifest.xml:11:22-76
18    <uses-permission android:name="android.permission.POST_NOTIFICATIONS" />
18-->[:firebase_messaging] AndroidManifest.xml:13:5-77
18-->[:firebase_messaging] AndroidManifest.xml:13:22-74
19    <uses-permission android:name="android.permission.RECEIVE_BOOT_COMPLETED" />
19-->[:flutter_local_notifications] AndroidManifest.xml:9:5-81
19-->[:flutter_local_notifications] AndroidManifest.xml:9:22-78
20    <uses-permission android:name="android.permission.VIBRATE" />
20-->[:flutter_local_notifications] AndroidManifest.xml:10:5-66
20-->[:flutter_local_notifications] AndroidManifest.xml:10:22-63
21    <uses-permission android:name="android.permission.USE_FULL_SCREEN_INTENT" />
21-->[:flutter_local_notifications] AndroidManifest.xml:11:5-81
21-->[:flutter_local_notifications] AndroidManifest.xml:11:22-78
22    <uses-permission android:name="android.permission.SCHEDULE_EXACT_ALARM" />
22-->[:flutter_local_notifications] AndroidManifest.xml:12:5-79
22-->[:flutter_local_notifications] AndroidManifest.xml:12:22-76
23
24    <queries>
24-->[:flutter_inappwebview] AndroidManifest.xml:9:5-13:15
25        <intent>
25-->[:flutter_inappwebview] AndroidManifest.xml:10:9-12:18
26            <action android:name="android.support.customtabs.action.CustomTabsService" />
26-->[:flutter_inappwebview] AndroidManifest.xml:11:13-90
26-->[:flutter_inappwebview] AndroidManifest.xml:11:21-87
27        </intent>
28    </queries> <!-- Required by older versions of Google Play services to create IID tokens -->
29    <uses-permission android:name="com.google.android.c2dm.permission.RECEIVE" />
29-->[com.google.firebase:firebase-messaging:23.3.1] AndroidManifest.xml:26:5-82
29-->[com.google.firebase:firebase-messaging:23.3.1] AndroidManifest.xml:26:22-79
30
31    <permission
31-->[androidx.core:core:1.10.1] AndroidManifest.xml:22:5-24:47
32        android:name="com.example.ok_edus_kz.DYNAMIC_RECEIVER_NOT_EXPORTED_PERMISSION"
32-->[androidx.core:core:1.10.1] AndroidManifest.xml:23:9-81
33        android:protectionLevel="signature" />
33-->[androidx.core:core:1.10.1] AndroidManifest.xml:24:9-44
34
35    <uses-permission android:name="com.example.ok_edus_kz.DYNAMIC_RECEIVER_NOT_EXPORTED_PERMISSION" />
35-->[androidx.core:core:1.10.1] AndroidManifest.xml:26:5-97
35-->[androidx.core:core:1.10.1] AndroidManifest.xml:26:22-94
36
37    <application
38        android:name="android.app.Application"
39        android:appComponentFactory="androidx.core.app.CoreComponentFactory"
39-->[androidx.core:core:1.10.1] AndroidManifest.xml:28:18-86
40        android:debuggable="true"
41        android:icon="@mipmap/ic_launcher"
42        android:label="ok_edus_kz" >
43        <activity
44            android:name="com.example.ok_edus_kz.MainActivity"
45            android:configChanges="orientation|keyboardHidden|keyboard|screenSize|smallestScreenSize|locale|layoutDirection|fontScale|screenLayout|density|uiMode"
46            android:exported="true"
47            android:hardwareAccelerated="true"
48            android:launchMode="singleTop"
49            android:theme="@style/LaunchTheme"
50            android:windowSoftInputMode="adjustResize" >
51
52            <!--
53                 Specifies an Android theme to apply to this Activity as soon as
54                 the Android process has started. This theme is visible to the user
55                 while the Flutter UI initializes. After that, this theme continues
56                 to determine the Window background behind the Flutter UI.
57            -->
58            <meta-data
59                android:name="io.flutter.embedding.android.NormalTheme"
60                android:resource="@style/NormalTheme" />
61
62            <intent-filter>
63                <action android:name="android.intent.action.MAIN" />
64
65                <category android:name="android.intent.category.LAUNCHER" />
66            </intent-filter>
67        </activity>
68        <!--
69             Don't delete the meta-data below.
70             This is used by the Flutter tool to generate GeneratedPluginRegistrant.java
71        -->
72        <meta-data
73            android:name="flutterEmbedding"
74            android:value="2" />
75
76        <service
76-->[:cloud_firestore] AndroidManifest.xml:10:9-14:19
77            android:name="com.google.firebase.components.ComponentDiscoveryService"
77-->[:cloud_firestore] AndroidManifest.xml:10:18-89
78            android:directBootAware="true"
78-->[com.google.firebase:firebase-common:20.4.2] AndroidManifest.xml:32:13-43
79            android:exported="false" >
79-->[com.google.firebase:firebase-auth:22.3.0] AndroidManifest.xml:68:13-37
80            <meta-data
80-->[:cloud_firestore] AndroidManifest.xml:11:13-13:85
81                android:name="com.google.firebase.components:io.flutter.plugins.firebase.firestore.FlutterFirebaseFirestoreRegistrar"
81-->[:cloud_firestore] AndroidManifest.xml:12:17-134
82                android:value="com.google.firebase.components.ComponentRegistrar" />
82-->[:cloud_firestore] AndroidManifest.xml:13:17-82
83            <meta-data
83-->[:firebase_auth] AndroidManifest.xml:11:13-13:85
84                android:name="com.google.firebase.components:io.flutter.plugins.firebase.auth.FlutterFirebaseAuthRegistrar"
84-->[:firebase_auth] AndroidManifest.xml:12:17-124
85                android:value="com.google.firebase.components.ComponentRegistrar" />
85-->[:firebase_auth] AndroidManifest.xml:13:17-82
86            <meta-data
86-->[:firebase_messaging] AndroidManifest.xml:38:13-40:85
87                android:name="com.google.firebase.components:io.flutter.plugins.firebase.messaging.FlutterFirebaseAppRegistrar"
87-->[:firebase_messaging] AndroidManifest.xml:39:17-128
88                android:value="com.google.firebase.components.ComponentRegistrar" />
88-->[:firebase_messaging] AndroidManifest.xml:40:17-82
89            <meta-data
89-->[:firebase_core] AndroidManifest.xml:11:13-13:85
90                android:name="com.google.firebase.components:io.flutter.plugins.firebase.core.FlutterFirebaseCoreRegistrar"
90-->[:firebase_core] AndroidManifest.xml:12:17-124
91                android:value="com.google.firebase.components.ComponentRegistrar" />
91-->[:firebase_core] AndroidManifest.xml:13:17-82
92            <meta-data
92-->[com.google.firebase:firebase-auth:22.3.0] AndroidManifest.xml:69:13-71:85
93                android:name="com.google.firebase.components:com.google.firebase.auth.FirebaseAuthRegistrar"
93-->[com.google.firebase:firebase-auth:22.3.0] AndroidManifest.xml:70:17-109
94                android:value="com.google.firebase.components.ComponentRegistrar" />
94-->[com.google.firebase:firebase-auth:22.3.0] AndroidManifest.xml:71:17-82
95            <meta-data
95-->[com.google.firebase:firebase-firestore:24.9.1] AndroidManifest.xml:17:13-19:85
96                android:name="com.google.firebase.components:com.google.firebase.firestore.FirebaseFirestoreKtxRegistrar"
96-->[com.google.firebase:firebase-firestore:24.9.1] AndroidManifest.xml:18:17-122
97                android:value="com.google.firebase.components.ComponentRegistrar" />
97-->[com.google.firebase:firebase-firestore:24.9.1] AndroidManifest.xml:19:17-82
98            <meta-data
98-->[com.google.firebase:firebase-firestore:24.9.1] AndroidManifest.xml:20:13-22:85
99                android:name="com.google.firebase.components:com.google.firebase.firestore.FirestoreRegistrar"
99-->[com.google.firebase:firebase-firestore:24.9.1] AndroidManifest.xml:21:17-111
100                android:value="com.google.firebase.components.ComponentRegistrar" />
100-->[com.google.firebase:firebase-firestore:24.9.1] AndroidManifest.xml:22:17-82
101            <meta-data
101-->[com.google.firebase:firebase-messaging:23.3.1] AndroidManifest.xml:57:13-59:85
102                android:name="com.google.firebase.components:com.google.firebase.messaging.FirebaseMessagingKtxRegistrar"
102-->[com.google.firebase:firebase-messaging:23.3.1] AndroidManifest.xml:58:17-122
103                android:value="com.google.firebase.components.ComponentRegistrar" />
103-->[com.google.firebase:firebase-messaging:23.3.1] AndroidManifest.xml:59:17-82
104            <meta-data
104-->[com.google.firebase:firebase-messaging:23.3.1] AndroidManifest.xml:60:13-62:85
105                android:name="com.google.firebase.components:com.google.firebase.messaging.FirebaseMessagingRegistrar"
105-->[com.google.firebase:firebase-messaging:23.3.1] AndroidManifest.xml:61:17-119
106                android:value="com.google.firebase.components.ComponentRegistrar" />
106-->[com.google.firebase:firebase-messaging:23.3.1] AndroidManifest.xml:62:17-82
107            <meta-data
107-->[com.google.firebase:firebase-iid:21.1.0] AndroidManifest.xml:32:13-34:85
108                android:name="com.google.firebase.components:com.google.firebase.iid.Registrar"
108-->[com.google.firebase:firebase-iid:21.1.0] AndroidManifest.xml:33:17-96
109                android:value="com.google.firebase.components.ComponentRegistrar" />
109-->[com.google.firebase:firebase-iid:21.1.0] AndroidManifest.xml:34:17-82
110            <meta-data
110-->[com.google.firebase:firebase-installations:17.2.0] AndroidManifest.xml:15:13-17:85
111                android:name="com.google.firebase.components:com.google.firebase.installations.FirebaseInstallationsKtxRegistrar"
111-->[com.google.firebase:firebase-installations:17.2.0] AndroidManifest.xml:16:17-130
112                android:value="com.google.firebase.components.ComponentRegistrar" />
112-->[com.google.firebase:firebase-installations:17.2.0] AndroidManifest.xml:17:17-82
113            <meta-data
113-->[com.google.firebase:firebase-installations:17.2.0] AndroidManifest.xml:18:13-20:85
114                android:name="com.google.firebase.components:com.google.firebase.installations.FirebaseInstallationsRegistrar"
114-->[com.google.firebase:firebase-installations:17.2.0] AndroidManifest.xml:19:17-127
115                android:value="com.google.firebase.components.ComponentRegistrar" />
115-->[com.google.firebase:firebase-installations:17.2.0] AndroidManifest.xml:20:17-82
116            <meta-data
116-->[com.google.firebase:firebase-common-ktx:20.4.2] AndroidManifest.xml:12:13-14:85
117                android:name="com.google.firebase.components:com.google.firebase.ktx.FirebaseCommonLegacyRegistrar"
117-->[com.google.firebase:firebase-common-ktx:20.4.2] AndroidManifest.xml:13:17-116
118                android:value="com.google.firebase.components.ComponentRegistrar" />
118-->[com.google.firebase:firebase-common-ktx:20.4.2] AndroidManifest.xml:14:17-82
119            <meta-data
119-->[com.google.firebase:firebase-common:20.4.2] AndroidManifest.xml:35:13-37:85
120                android:name="com.google.firebase.components:com.google.firebase.FirebaseCommonKtxRegistrar"
120-->[com.google.firebase:firebase-common:20.4.2] AndroidManifest.xml:36:17-109
121                android:value="com.google.firebase.components.ComponentRegistrar" />
121-->[com.google.firebase:firebase-common:20.4.2] AndroidManifest.xml:37:17-82
122            <meta-data
122-->[com.google.firebase:firebase-datatransport:18.1.7] AndroidManifest.xml:27:13-29:85
123                android:name="com.google.firebase.components:com.google.firebase.datatransport.TransportRegistrar"
123-->[com.google.firebase:firebase-datatransport:18.1.7] AndroidManifest.xml:28:17-115
124                android:value="com.google.firebase.components.ComponentRegistrar" />
124-->[com.google.firebase:firebase-datatransport:18.1.7] AndroidManifest.xml:29:17-82
125        </service>
126        <service
126-->[:firebase_messaging] AndroidManifest.xml:16:9-19:72
127            android:name="io.flutter.plugins.firebase.messaging.FlutterFirebaseMessagingBackgroundService"
127-->[:firebase_messaging] AndroidManifest.xml:17:13-107
128            android:exported="false"
128-->[:firebase_messaging] AndroidManifest.xml:18:13-37
129            android:permission="android.permission.BIND_JOB_SERVICE" />
129-->[:firebase_messaging] AndroidManifest.xml:19:13-69
130        <service
130-->[:firebase_messaging] AndroidManifest.xml:20:9-26:19
131            android:name="io.flutter.plugins.firebase.messaging.FlutterFirebaseMessagingService"
131-->[:firebase_messaging] AndroidManifest.xml:21:13-97
132            android:exported="false" >
132-->[:firebase_messaging] AndroidManifest.xml:22:13-37
133            <intent-filter>
133-->[:firebase_messaging] AndroidManifest.xml:23:13-25:29
134                <action android:name="com.google.firebase.MESSAGING_EVENT" />
134-->[:firebase_messaging] AndroidManifest.xml:24:17-78
134-->[:firebase_messaging] AndroidManifest.xml:24:25-75
135            </intent-filter>
136        </service>
137
138        <receiver
138-->[:firebase_messaging] AndroidManifest.xml:28:9-35:20
139            android:name="io.flutter.plugins.firebase.messaging.FlutterFirebaseMessagingReceiver"
139-->[:firebase_messaging] AndroidManifest.xml:29:13-98
140            android:exported="true"
140-->[:firebase_messaging] AndroidManifest.xml:30:13-36
141            android:permission="com.google.android.c2dm.permission.SEND" >
141-->[:firebase_messaging] AndroidManifest.xml:31:13-73
142            <intent-filter>
142-->[:firebase_messaging] AndroidManifest.xml:32:13-34:29
143                <action android:name="com.google.android.c2dm.intent.RECEIVE" />
143-->[:firebase_messaging] AndroidManifest.xml:33:17-81
143-->[:firebase_messaging] AndroidManifest.xml:33:25-78
144            </intent-filter>
145        </receiver>
146
147        <provider
147-->[:firebase_messaging] AndroidManifest.xml:43:9-47:38
148            android:name="io.flutter.plugins.firebase.messaging.FlutterFirebaseMessagingInitProvider"
148-->[:firebase_messaging] AndroidManifest.xml:44:13-102
149            android:authorities="com.example.ok_edus_kz.flutterfirebasemessaginginitprovider"
149-->[:firebase_messaging] AndroidManifest.xml:45:13-88
150            android:exported="false"
150-->[:firebase_messaging] AndroidManifest.xml:46:13-37
151            android:initOrder="99" />
151-->[:firebase_messaging] AndroidManifest.xml:47:13-35
152        <provider
152-->[:image_picker_android] AndroidManifest.xml:10:9-18:20
153            android:name="io.flutter.plugins.imagepicker.ImagePickerFileProvider"
153-->[:image_picker_android] AndroidManifest.xml:11:13-82
154            android:authorities="com.example.ok_edus_kz.flutter.image_provider"
154-->[:image_picker_android] AndroidManifest.xml:12:13-74
155            android:exported="false"
155-->[:image_picker_android] AndroidManifest.xml:13:13-37
156            android:grantUriPermissions="true" >
156-->[:image_picker_android] AndroidManifest.xml:14:13-47
157            <meta-data
157-->[:image_picker_android] AndroidManifest.xml:15:13-17:75
158                android:name="android.support.FILE_PROVIDER_PATHS"
158-->[:image_picker_android] AndroidManifest.xml:16:17-67
159                android:resource="@xml/flutter_image_picker_file_paths" />
159-->[:image_picker_android] AndroidManifest.xml:17:17-72
160        </provider>
161
162        <receiver
162-->[:flutter_local_notifications] AndroidManifest.xml:16:9-18:40
163            android:name="com.dexterous.flutterlocalnotifications.ActionBroadcastReceiver"
163-->[:flutter_local_notifications] AndroidManifest.xml:17:13-91
164            android:exported="false" />
164-->[:flutter_local_notifications] AndroidManifest.xml:18:13-37
165        <receiver
165-->[:flutter_local_notifications] AndroidManifest.xml:19:9-21:40
166            android:name="com.dexterous.flutterlocalnotifications.ScheduledNotificationReceiver"
166-->[:flutter_local_notifications] AndroidManifest.xml:20:13-97
167            android:exported="false" />
167-->[:flutter_local_notifications] AndroidManifest.xml:21:13-37
168        <receiver
168-->[:flutter_local_notifications] AndroidManifest.xml:22:9-31:20
169            android:name="com.dexterous.flutterlocalnotifications.ScheduledNotificationBootReceiver"
169-->[:flutter_local_notifications] AndroidManifest.xml:23:13-101
170            android:exported="false" >
170-->[:flutter_local_notifications] AndroidManifest.xml:24:13-37
171            <intent-filter>
171-->[:flutter_local_notifications] AndroidManifest.xml:25:13-30:29
172                <action android:name="android.intent.action.BOOT_COMPLETED" />
172-->[:flutter_local_notifications] AndroidManifest.xml:26:17-79
172-->[:flutter_local_notifications] AndroidManifest.xml:26:25-76
173                <action android:name="android.intent.action.MY_PACKAGE_REPLACED" />
173-->[:flutter_local_notifications] AndroidManifest.xml:27:17-84
173-->[:flutter_local_notifications] AndroidManifest.xml:27:25-81
174                <action android:name="android.intent.action.QUICKBOOT_POWERON" />
174-->[:flutter_local_notifications] AndroidManifest.xml:28:17-82
174-->[:flutter_local_notifications] AndroidManifest.xml:28:25-79
175                <action android:name="com.htc.intent.action.QUICKBOOT_POWERON" />
175-->[:flutter_local_notifications] AndroidManifest.xml:29:17-82
175-->[:flutter_local_notifications] AndroidManifest.xml:29:25-79
176            </intent-filter>
177        </receiver>
178
179        <activity
179-->[:url_launcher_android] AndroidManifest.xml:10:9-13:74
180            android:name="io.flutter.plugins.urllauncher.WebViewActivity"
180-->[:url_launcher_android] AndroidManifest.xml:11:13-74
181            android:exported="false"
181-->[:url_launcher_android] AndroidManifest.xml:12:13-37
182            android:theme="@android:style/Theme.NoTitleBar.Fullscreen" />
182-->[:url_launcher_android] AndroidManifest.xml:13:13-71
183        <activity
183-->[:flutter_inappwebview] AndroidManifest.xml:16:9-20:47
184            android:name="com.pichillilorenzo.flutter_inappwebview.in_app_browser.InAppBrowserActivity"
184-->[:flutter_inappwebview] AndroidManifest.xml:17:13-104
185            android:configChanges="orientation|keyboardHidden|keyboard|screenSize|locale|layoutDirection|fontScale|screenLayout|density"
185-->[:flutter_inappwebview] AndroidManifest.xml:18:13-137
186            android:exported="false"
186-->[:flutter_inappwebview] AndroidManifest.xml:19:13-37
187            android:theme="@style/AppTheme" />
187-->[:flutter_inappwebview] AndroidManifest.xml:20:13-44
188        <activity
188-->[:flutter_inappwebview] AndroidManifest.xml:21:9-24:55
189            android:name="com.pichillilorenzo.flutter_inappwebview.chrome_custom_tabs.ChromeCustomTabsActivity"
189-->[:flutter_inappwebview] AndroidManifest.xml:22:13-112
190            android:exported="false"
190-->[:flutter_inappwebview] AndroidManifest.xml:23:13-37
191            android:theme="@style/ThemeTransparent" />
191-->[:flutter_inappwebview] AndroidManifest.xml:24:13-52
192        <activity
192-->[:flutter_inappwebview] AndroidManifest.xml:25:9-28:55
193            android:name="com.pichillilorenzo.flutter_inappwebview.chrome_custom_tabs.TrustedWebActivity"
193-->[:flutter_inappwebview] AndroidManifest.xml:26:13-106
194            android:exported="false"
194-->[:flutter_inappwebview] AndroidManifest.xml:27:13-37
195            android:theme="@style/ThemeTransparent" />
195-->[:flutter_inappwebview] AndroidManifest.xml:28:13-52
196        <activity
196-->[:flutter_inappwebview] AndroidManifest.xml:29:9-33:55
197            android:name="com.pichillilorenzo.flutter_inappwebview.chrome_custom_tabs.ChromeCustomTabsActivitySingleInstance"
197-->[:flutter_inappwebview] AndroidManifest.xml:30:13-126
198            android:exported="false"
198-->[:flutter_inappwebview] AndroidManifest.xml:31:13-37
199            android:launchMode="singleInstance"
199-->[:flutter_inappwebview] AndroidManifest.xml:32:13-48
200            android:theme="@style/ThemeTransparent" />
200-->[:flutter_inappwebview] AndroidManifest.xml:33:13-52
201        <activity
201-->[:flutter_inappwebview] AndroidManifest.xml:34:9-38:55
202            android:name="com.pichillilorenzo.flutter_inappwebview.chrome_custom_tabs.TrustedWebActivitySingleInstance"
202-->[:flutter_inappwebview] AndroidManifest.xml:35:13-120
203            android:exported="false"
203-->[:flutter_inappwebview] AndroidManifest.xml:36:13-37
204            android:launchMode="singleInstance"
204-->[:flutter_inappwebview] AndroidManifest.xml:37:13-48
205            android:theme="@style/ThemeTransparent" />
205-->[:flutter_inappwebview] AndroidManifest.xml:38:13-52
206
207        <receiver
207-->[:flutter_inappwebview] AndroidManifest.xml:40:9-43:40
208            android:name="com.pichillilorenzo.flutter_inappwebview.chrome_custom_tabs.ActionBroadcastReceiver"
208-->[:flutter_inappwebview] AndroidManifest.xml:41:13-111
209            android:enabled="true"
209-->[:flutter_inappwebview] AndroidManifest.xml:42:13-35
210            android:exported="false" />
210-->[:flutter_inappwebview] AndroidManifest.xml:43:13-37
211
212        <meta-data
212-->[:flutter_inappwebview] AndroidManifest.xml:45:9-47:36
213            android:name="io.flutter.embedded_views_preview"
213-->[:flutter_inappwebview] AndroidManifest.xml:46:13-61
214            android:value="true" />
214-->[:flutter_inappwebview] AndroidManifest.xml:47:13-33
215
216        <activity
216-->[com.google.firebase:firebase-auth:22.3.0] AndroidManifest.xml:29:9-46:20
217            android:name="com.google.firebase.auth.internal.GenericIdpActivity"
217-->[com.google.firebase:firebase-auth:22.3.0] AndroidManifest.xml:30:13-80
218            android:excludeFromRecents="true"
218-->[com.google.firebase:firebase-auth:22.3.0] AndroidManifest.xml:31:13-46
219            android:exported="true"
219-->[com.google.firebase:firebase-auth:22.3.0] AndroidManifest.xml:32:13-36
220            android:launchMode="singleTask"
220-->[com.google.firebase:firebase-auth:22.3.0] AndroidManifest.xml:33:13-44
221            android:theme="@android:style/Theme.Translucent.NoTitleBar" >
221-->[com.google.firebase:firebase-auth:22.3.0] AndroidManifest.xml:34:13-72
222            <intent-filter>
222-->[com.google.firebase:firebase-auth:22.3.0] AndroidManifest.xml:35:13-45:29
223                <action android:name="android.intent.action.VIEW" />
223-->[com.google.firebase:firebase-auth:22.3.0] AndroidManifest.xml:36:17-69
223-->[com.google.firebase:firebase-auth:22.3.0] AndroidManifest.xml:36:25-66
224
225                <category android:name="android.intent.category.DEFAULT" />
225-->[com.google.firebase:firebase-auth:22.3.0] AndroidManifest.xml:38:17-76
225-->[com.google.firebase:firebase-auth:22.3.0] AndroidManifest.xml:38:27-73
226                <category android:name="android.intent.category.BROWSABLE" />
226-->[com.google.firebase:firebase-auth:22.3.0] AndroidManifest.xml:39:17-78
226-->[com.google.firebase:firebase-auth:22.3.0] AndroidManifest.xml:39:27-75
227
228                <data
228-->[com.google.firebase:firebase-auth:22.3.0] AndroidManifest.xml:41:17-44:51
229                    android:host="firebase.auth"
229-->[com.google.firebase:firebase-auth:22.3.0] AndroidManifest.xml:42:21-49
230                    android:path="/"
230-->[com.google.firebase:firebase-auth:22.3.0] AndroidManifest.xml:43:21-37
231                    android:scheme="genericidp" />
231-->[com.google.firebase:firebase-auth:22.3.0] AndroidManifest.xml:44:21-48
232            </intent-filter>
233        </activity>
234        <activity
234-->[com.google.firebase:firebase-auth:22.3.0] AndroidManifest.xml:47:9-64:20
235            android:name="com.google.firebase.auth.internal.RecaptchaActivity"
235-->[com.google.firebase:firebase-auth:22.3.0] AndroidManifest.xml:48:13-79
236            android:excludeFromRecents="true"
236-->[com.google.firebase:firebase-auth:22.3.0] AndroidManifest.xml:49:13-46
237            android:exported="true"
237-->[com.google.firebase:firebase-auth:22.3.0] AndroidManifest.xml:50:13-36
238            android:launchMode="singleTask"
238-->[com.google.firebase:firebase-auth:22.3.0] AndroidManifest.xml:51:13-44
239            android:theme="@android:style/Theme.Translucent.NoTitleBar" >
239-->[com.google.firebase:firebase-auth:22.3.0] AndroidManifest.xml:52:13-72
240            <intent-filter>
240-->[com.google.firebase:firebase-auth:22.3.0] AndroidManifest.xml:53:13-63:29
241                <action android:name="android.intent.action.VIEW" />
241-->[com.google.firebase:firebase-auth:22.3.0] AndroidManifest.xml:36:17-69
241-->[com.google.firebase:firebase-auth:22.3.0] AndroidManifest.xml:36:25-66
242
243                <category android:name="android.intent.category.DEFAULT" />
243-->[com.google.firebase:firebase-auth:22.3.0] AndroidManifest.xml:38:17-76
243-->[com.google.firebase:firebase-auth:22.3.0] AndroidManifest.xml:38:27-73
244                <category android:name="android.intent.category.BROWSABLE" />
244-->[com.google.firebase:firebase-auth:22.3.0] AndroidManifest.xml:39:17-78
244-->[com.google.firebase:firebase-auth:22.3.0] AndroidManifest.xml:39:27-75
245
246                <data
246-->[com.google.firebase:firebase-auth:22.3.0] AndroidManifest.xml:41:17-44:51
247                    android:host="firebase.auth"
247-->[com.google.firebase:firebase-auth:22.3.0] AndroidManifest.xml:42:21-49
248                    android:path="/"
248-->[com.google.firebase:firebase-auth:22.3.0] AndroidManifest.xml:43:21-37
249                    android:scheme="recaptcha" />
249-->[com.google.firebase:firebase-auth:22.3.0] AndroidManifest.xml:44:21-48
250            </intent-filter>
251        </activity>
252
253        <receiver
253-->[com.google.firebase:firebase-messaging:23.3.1] AndroidManifest.xml:29:9-40:20
254            android:name="com.google.firebase.iid.FirebaseInstanceIdReceiver"
254-->[com.google.firebase:firebase-messaging:23.3.1] AndroidManifest.xml:30:13-78
255            android:exported="true"
255-->[com.google.firebase:firebase-messaging:23.3.1] AndroidManifest.xml:31:13-36
256            android:permission="com.google.android.c2dm.permission.SEND" >
256-->[com.google.firebase:firebase-messaging:23.3.1] AndroidManifest.xml:32:13-73
257            <intent-filter>
257-->[:firebase_messaging] AndroidManifest.xml:32:13-34:29
258                <action android:name="com.google.android.c2dm.intent.RECEIVE" />
258-->[:firebase_messaging] AndroidManifest.xml:33:17-81
258-->[:firebase_messaging] AndroidManifest.xml:33:25-78
259            </intent-filter>
260
261            <meta-data
261-->[com.google.firebase:firebase-messaging:23.3.1] AndroidManifest.xml:37:13-39:40
262                android:name="com.google.android.gms.cloudmessaging.FINISHED_AFTER_HANDLED"
262-->[com.google.firebase:firebase-messaging:23.3.1] AndroidManifest.xml:38:17-92
263                android:value="true" />
263-->[com.google.firebase:firebase-messaging:23.3.1] AndroidManifest.xml:39:17-37
264        </receiver>
265        <!--
266             FirebaseMessagingService performs security checks at runtime,
267             but set to not exported to explicitly avoid allowing another app to call it.
268        -->
269        <service
269-->[com.google.firebase:firebase-messaging:23.3.1] AndroidManifest.xml:46:9-53:19
270            android:name="com.google.firebase.messaging.FirebaseMessagingService"
270-->[com.google.firebase:firebase-messaging:23.3.1] AndroidManifest.xml:47:13-82
271            android:directBootAware="true"
271-->[com.google.firebase:firebase-messaging:23.3.1] AndroidManifest.xml:48:13-43
272            android:exported="false" >
272-->[com.google.firebase:firebase-messaging:23.3.1] AndroidManifest.xml:49:13-37
273            <intent-filter android:priority="-500" >
273-->[:firebase_messaging] AndroidManifest.xml:23:13-25:29
274                <action android:name="com.google.firebase.MESSAGING_EVENT" />
274-->[:firebase_messaging] AndroidManifest.xml:24:17-78
274-->[:firebase_messaging] AndroidManifest.xml:24:25-75
275            </intent-filter>
276        </service>
277
278        <provider
278-->[com.google.firebase:firebase-common:20.4.2] AndroidManifest.xml:23:9-28:39
279            android:name="com.google.firebase.provider.FirebaseInitProvider"
279-->[com.google.firebase:firebase-common:20.4.2] AndroidManifest.xml:24:13-77
280            android:authorities="com.example.ok_edus_kz.firebaseinitprovider"
280-->[com.google.firebase:firebase-common:20.4.2] AndroidManifest.xml:25:13-72
281            android:directBootAware="true"
281-->[com.google.firebase:firebase-common:20.4.2] AndroidManifest.xml:26:13-43
282            android:exported="false"
282-->[com.google.firebase:firebase-common:20.4.2] AndroidManifest.xml:27:13-37
283            android:initOrder="100" />
283-->[com.google.firebase:firebase-common:20.4.2] AndroidManifest.xml:28:13-36
284
285        <activity